[debug] [2024-03-17T00:19:05.829Z] ----------------------------------------------------------------------
[debug] [2024-03-17T00:19:05.832Z] Command:       C:\Program Files\nodejs\node.exe C:\Users\Administrator\AppData\Roaming\npm\node_modules\firebase-tools\lib\bin\firebase.js deploy
[debug] [2024-03-17T00:19:05.833Z] CLI Version:   13.2.1
[debug] [2024-03-17T00:19:05.833Z] Platform:      win32
[debug] [2024-03-17T00:19:05.833Z] Node Version:  v20.10.0
[debug] [2024-03-17T00:19:05.834Z] Time:          Sun Mar 17 2024 02:19:05 GMT+0200 (Eastern European Standard Time)
[debug] [2024-03-17T00:19:05.834Z] ----------------------------------------------------------------------
[debug] 
[debug] [2024-03-17T00:19:05.920Z] > command requires scopes: ["email","openid","https://www.googleapis.com/auth/cloudplatformprojects.readonly","https://www.googleapis.com/auth/firebase","https://www.googleapis.com/auth/cloud-platform"]
[debug] [2024-03-17T00:19:05.921Z] > authorizing via signed-in user (reems0171@gmail.com)
[debug] [2024-03-17T00:19:05.921Z] [iam] checking project home-4a3a6 for permissions ["firebase.projects.get","firebasehosting.sites.update"]
[debug] [2024-03-17T00:19:05.924Z] >>> [apiv2][query] POST https://cloudresourcemanager.googleapis.com/v1/projects/home-4a3a6:testIamPermissions [none]
[debug] [2024-03-17T00:19:05.924Z] >>> [apiv2][(partial)header] POST https://cloudresourcemanager.googleapis.com/v1/projects/home-4a3a6:testIamPermissions x-goog-quota-user=projects/home-4a3a6
[debug] [2024-03-17T00:19:05.924Z] >>> [apiv2][body] POST https://cloudresourcemanager.googleapis.com/v1/projects/home-4a3a6:testIamPermissions {"permissions":["firebase.projects.get","firebasehosting.sites.update"]}
[debug] [2024-03-17T00:19:27.911Z] *** [apiv2] error from fetch(https://cloudresourcemanager.googleapis.com/v1/projects/home-4a3a6:testIamPermissions, {"headers":{},"method":"POST","body":"{\"permissions\":[\"firebase.projects.get\",\"firebasehosting.sites.update\"]}"}): FetchError: request to https://cloudresourcemanager.googleapis.com/v1/projects/home-4a3a6:testIamPermissions failed, reason: read ECONNRESET
[debug] [2024-03-17T00:19:27.912Z] [iam] error while checking permissions, command may fail: FirebaseError: Failed to make request to https://cloudresourcemanager.googleapis.com/v1/projects/home-4a3a6:testIamPermissions
[debug] [2024-03-17T00:19:27.913Z] >>> [apiv2][query] GET https://firebase.googleapis.com/v1beta1/projects/home-4a3a6 [none]
[debug] [2024-03-17T00:19:49.995Z] *** [apiv2] error from fetch(https://firebase.googleapis.com/v1beta1/projects/home-4a3a6, {"headers":{},"method":"GET","signal":{}}): FetchError: request to https://firebase.googleapis.com/v1beta1/projects/home-4a3a6 failed, reason: read ECONNRESET
[debug] [2024-03-17T00:19:49.995Z] Failed to make request to https://firebase.googleapis.com/v1beta1/projects/home-4a3a6 (original: request to https://firebase.googleapis.com/v1beta1/projects/home-4a3a6 failed, reason: read ECONNRESET)
[debug] [2024-03-17T00:19:55.009Z] Error: Timed out.
    at Timeout._onTimeout (C:\Users\Administrator\AppData\Roaming\npm\node_modules\firebase-tools\lib\utils.js:258:49)
    at listOnTimeout (node:internal/timers:573:17)
    at process.processTimers (node:internal/timers:514:7)
[error] 
[error] Error: An unexpected error has occurred.
[debug] [2024-03-17T00:25:51.724Z] ----------------------------------------------------------------------
[debug] [2024-03-17T00:25:51.727Z] Command:       C:\Program Files\nodejs\node.exe C:\Users\Administrator\AppData\Roaming\npm\node_modules\firebase-tools\lib\bin\firebase.js deploy
[debug] [2024-03-17T00:25:51.727Z] CLI Version:   13.2.1
[debug] [2024-03-17T00:25:51.728Z] Platform:      win32
[debug] [2024-03-17T00:25:51.728Z] Node Version:  v20.10.0
[debug] [2024-03-17T00:25:51.728Z] Time:          Sun Mar 17 2024 02:25:51 GMT+0200 (Eastern European Standard Time)
[debug] [2024-03-17T00:25:51.728Z] ----------------------------------------------------------------------
[debug] 
[debug] [2024-03-17T00:25:51.817Z] > command requires scopes: ["email","openid","https://www.googleapis.com/auth/cloudplatformprojects.readonly","https://www.googleapis.com/auth/firebase","https://www.googleapis.com/auth/cloud-platform"]
[debug] [2024-03-17T00:25:51.818Z] > authorizing via signed-in user (reems0171@gmail.com)
[debug] [2024-03-17T00:25:51.818Z] [iam] checking project home-4a3a6 for permissions ["firebase.projects.get","firebasehosting.sites.update"]
[debug] [2024-03-17T00:25:51.820Z] >>> [apiv2][query] POST https://cloudresourcemanager.googleapis.com/v1/projects/home-4a3a6:testIamPermissions [none]
[debug] [2024-03-17T00:25:51.821Z] >>> [apiv2][(partial)header] POST https://cloudresourcemanager.googleapis.com/v1/projects/home-4a3a6:testIamPermissions x-goog-quota-user=projects/home-4a3a6
[debug] [2024-03-17T00:25:51.821Z] >>> [apiv2][body] POST https://cloudresourcemanager.googleapis.com/v1/projects/home-4a3a6:testIamPermissions {"permissions":["firebase.projects.get","firebasehosting.sites.update"]}
